<?xml version="1.0" encoding="UTF-8"?>
<!-- Generated by org.testng.reporters.JUnitXMLReporter -->
<testsuite hostname="LAPTOP-CE3S4C72" failures="0" tests="8" name="Default test" time="7.481" errors="0" timestamp="27 Nov 2020 10:55:51 GMT">
  <testcase classname="tests.TestApod" name="validate_APOD_API_InCase_of_HD_Concept_Tag_False" time="2.39"/>
  <testcase classname="tests.TestApod" name="validate_APOD_API_InCase_of_HD_False" time="1.507"/>
  <testcase classname="tests.TestApod" name="validate_APOD_API_Is_returning_200_InCase_of_Concept_tag_False" time="0.685"/>
  <testcase classname="tests.TestApod" name="validate_APOD_API_is_Returning_200_Valid_Response" time="0.549"/>
  <testcase classname="tests.TestApod" name="validate_APOD_API_is_Returning_400_InCase_of_Future_Date" time="0.496"/>
  <testcase classname="tests.TestApod" name="validate_APOD_API_is_Returning_400_InCase_of_Past_Date" time="0.531"/>
  <testcase classname="tests.TestApod" name="validate_APOD_API_is_Returning_403_InCase_of_Invalid_API_Key" time="0.48"/>
  <testcase classname="tests.TestApod" name="validate_APOD_API_is_Returning_403_With_EMPTYFIELDS" time="0.499"/>
</testsuite> <!-- Default test -->
