<?xml version="1.0" encoding="UTF-8"?>
<!-- Generated by org.testng.reporters.JUnitXMLReporter -->
<testsuite hostname="LAPTOP-CE3S4C72" failures="1" tests="9" name="ValidateUserDetails" time="9.581" errors="0" timestamp="27 Nov 2020 09:09:20 GMT">
  <testcase classname="tests.TestUserDetails" name="validate_APOD_APIKEY_is_Returning_Valid_Response" time="5.005"/>
  <testcase classname="tests.TestUserDetails" name="validate_APOD_API_is_Returning_400_With_FUTUREDATE" time="0.602">
    <failure type="java.lang.AssertionError" message="400 not returned expected [400] but found [200]">
      <![CDATA[java.lang.AssertionError: 400 not returned expected [400] but found [200]
	at tests.TestUserDetails.validate_APOD_API_is_Returning_400_With_FUTUREDATE(TestUserDetails.java:109)
... Removed 28 stack frames]]>
    </failure>
  </testcase> <!-- validate_APOD_API_is_Returning_400_With_FUTUREDATE -->
  <testcase classname="tests.TestUserDetails" name="validate_APOD_API_is_Returning_403InCase_of_Invalid_API_Key" time="0.524"/>
  <testcase classname="tests.TestUserDetails" name="validate_APOD_API_is_Returning_403_With_DATEBEFORE_SERVICESTARTED" time="0.534"/>
  <testcase classname="tests.TestUserDetails" name="validate_APOD_API_is_Returning_403_With_EMPTYFIELDS" time="0.494"/>
  <testcase classname="tests.TestUserDetails" name="validate_APOD_API_is_Returning_403_With_FUTUREDATE" time="0.515"/>
  <testcase classname="tests.TestUserDetails" name="validate_APOD_API_is_Returning_404_With_Missing_Date_Value" time="0.494"/>
  <testcase classname="tests.TestUserDetails" name="validate_APOD_API_is_Returning_Valid_Response" time="0.553"/>
  <testcase classname="tests.TestUserDetails" name="validate_APOD_API_is_Returning_Valid_Response1" time="0.534"/>
</testsuite> <!-- ValidateUserDetails -->
