<?xml version="1.0" encoding="UTF-8"?>
<!-- Generated by org.testng.reporters.JUnitXMLReporter -->
<testsuite hostname="Kuldeeps-MacBook-Air.local" failures="0" tests="3" name="ValidateUserDetails" time="5.908" errors="0" timestamp="25 Nov 2020 20:03:03 GMT">
  <testcase classname="tests.TestUserDetails" name="validate_Delete_User_Functionality_Is_Working_Fine" time="3.627"/>
  <testcase classname="tests.TestUserDetails" name="validate_New_User_creation_Functionality_Is_Working_Fine" time="1.117"/>
  <testcase classname="tests.TestUserDetails" name="validate_Status_Code_Of_Valid_Get_Request" time="0.434"/>
</testsuite> <!-- ValidateUserDetails -->
