<?xml version="1.0" encoding="UTF-8"?>
<testng-results total="8" passed="8" failed="0" skipped="0">
  <reporter-output>
  </reporter-output>
  <suite started-at="2020-11-27T10:55:43Z" name="Default suite" finished-at="2020-11-27T10:55:51Z" duration-ms="7481">
    <groups>
      <group name="smoke">
        <method signature="TestApod.validate_APOD_API_InCase_of_HD_Concept_Tag_False()[pri:0, instance:tests.TestApod@3f6f6701]" name="validate_APOD_API_InCase_of_HD_Concept_Tag_False" class="tests.TestApod"/>
        <method signature="TestApod.validate_APOD_API_InCase_of_HD_False()[pri:0, instance:tests.TestApod@3f6f6701]" name="validate_APOD_API_InCase_of_HD_False" class="tests.TestApod"/>
        <method signature="TestApod.validate_APOD_API_Is_returning_200_InCase_of_Concept_tag_False()[pri:0, instance:tests.TestApod@3f6f6701]" name="validate_APOD_API_Is_returning_200_InCase_of_Concept_tag_False" class="tests.TestApod"/>
        <method signature="TestApod.validate_APOD_API_is_Returning_200_Valid_Response()[pri:0, instance:tests.TestApod@3f6f6701]" name="validate_APOD_API_is_Returning_200_Valid_Response" class="tests.TestApod"/>
        <method signature="TestApod.validate_APOD_API_is_Returning_400_InCase_of_Future_Date()[pri:0, instance:tests.TestApod@3f6f6701]" name="validate_APOD_API_is_Returning_400_InCase_of_Future_Date" class="tests.TestApod"/>
        <method signature="TestApod.validate_APOD_API_is_Returning_400_InCase_of_Past_Date()[pri:0, instance:tests.TestApod@3f6f6701]" name="validate_APOD_API_is_Returning_400_InCase_of_Past_Date" class="tests.TestApod"/>
        <method signature="TestApod.validate_APOD_API_is_Returning_403_InCase_of_Invalid_API_Key()[pri:0, instance:tests.TestApod@3f6f6701]" name="validate_APOD_API_is_Returning_403_InCase_of_Invalid_API_Key" class="tests.TestApod"/>
      </group> <!-- smoke -->
      <group name="smoke	">
        <method signature="TestApod.validate_APOD_API_is_Returning_403_With_EMPTYFIELDS()[pri:0, instance:tests.TestApod@3f6f6701]" name="validate_APOD_API_is_Returning_403_With_EMPTYFIELDS" class="tests.TestApod"/>
      </group> <!-- smoke	 -->
    </groups>
    <test started-at="2020-11-27T10:55:43Z" name="Default test" finished-at="2020-11-27T10:55:51Z" duration-ms="7481">
      <class name="tests.TestApod">
        <test-method is-config="true" signature="setUp()[pri:0, instance:tests.TestApod@3f6f6701]" started-at="2020-11-27T02:55:43Z" name="setUp" finished-at="2020-11-27T02:55:44Z" duration-ms="141" status="PASS">
          <reporter-output>
          </reporter-output>
        </test-method> <!-- setUp -->
        <test-method signature="validate_APOD_API_InCase_of_HD_Concept_Tag_False()[pri:0, instance:tests.TestApod@3f6f6701]" started-at="2020-11-27T02:55:44Z" name="validate_APOD_API_InCase_of_HD_Concept_Tag_False" finished-at="2020-11-27T02:55:46Z" duration-ms="2390" status="PASS">
          <reporter-output>
          </reporter-output>
        </test-method> <!-- validate_APOD_API_InCase_of_HD_Concept_Tag_False -->
        <test-method signature="validate_APOD_API_InCase_of_HD_False()[pri:0, instance:tests.TestApod@3f6f6701]" started-at="2020-11-27T02:55:46Z" name="validate_APOD_API_InCase_of_HD_False" finished-at="2020-11-27T02:55:47Z" duration-ms="1507" status="PASS">
          <reporter-output>
          </reporter-output>
        </test-method> <!-- validate_APOD_API_InCase_of_HD_False -->
        <test-method signature="validate_APOD_API_Is_returning_200_InCase_of_Concept_tag_False()[pri:0, instance:tests.TestApod@3f6f6701]" started-at="2020-11-27T02:55:47Z" name="validate_APOD_API_Is_returning_200_InCase_of_Concept_tag_False" finished-at="2020-11-27T02:55:48Z" duration-ms="685" status="PASS">
          <reporter-output>
          </reporter-output>
        </test-method> <!-- validate_APOD_API_Is_returning_200_InCase_of_Concept_tag_False -->
        <test-method signature="validate_APOD_API_is_Returning_200_Valid_Response()[pri:0, instance:tests.TestApod@3f6f6701]" started-at="2020-11-27T02:55:48Z" name="validate_APOD_API_is_Returning_200_Valid_Response" finished-at="2020-11-27T02:55:49Z" duration-ms="549" status="PASS">
          <reporter-output>
          </reporter-output>
        </test-method> <!-- validate_APOD_API_is_Returning_200_Valid_Response -->
        <test-method signature="validate_APOD_API_is_Returning_400_InCase_of_Future_Date()[pri:0, instance:tests.TestApod@3f6f6701]" started-at="2020-11-27T02:55:49Z" name="validate_APOD_API_is_Returning_400_InCase_of_Future_Date" finished-at="2020-11-27T02:55:49Z" duration-ms="496" status="PASS">
          <reporter-output>
          </reporter-output>
        </test-method> <!-- validate_APOD_API_is_Returning_400_InCase_of_Future_Date -->
        <test-method signature="validate_APOD_API_is_Returning_400_InCase_of_Past_Date()[pri:0, instance:tests.TestApod@3f6f6701]" started-at="2020-11-27T02:55:49Z" name="validate_APOD_API_is_Returning_400_InCase_of_Past_Date" finished-at="2020-11-27T02:55:50Z" duration-ms="531" status="PASS">
          <reporter-output>
          </reporter-output>
        </test-method> <!-- validate_APOD_API_is_Returning_400_InCase_of_Past_Date -->
        <test-method signature="validate_APOD_API_is_Returning_403_InCase_of_Invalid_API_Key()[pri:0, instance:tests.TestApod@3f6f6701]" started-at="2020-11-27T02:55:50Z" name="validate_APOD_API_is_Returning_403_InCase_of_Invalid_API_Key" finished-at="2020-11-27T02:55:50Z" duration-ms="480" status="PASS">
          <reporter-output>
          </reporter-output>
        </test-method> <!-- validate_APOD_API_is_Returning_403_InCase_of_Invalid_API_Key -->
        <test-method signature="validate_APOD_API_is_Returning_403_With_EMPTYFIELDS()[pri:0, instance:tests.TestApod@3f6f6701]" started-at="2020-11-27T02:55:50Z" name="validate_APOD_API_is_Returning_403_With_EMPTYFIELDS" finished-at="2020-11-27T02:55:51Z" duration-ms="499" status="PASS">
          <reporter-output>
          </reporter-output>
        </test-method> <!-- validate_APOD_API_is_Returning_403_With_EMPTYFIELDS -->
        <test-method is-config="true" signature="tearDown()[pri:0, instance:tests.TestApod@3f6f6701]" started-at="2020-11-27T02:55:51Z" name="tearDown" finished-at="2020-11-27T02:55:51Z" duration-ms="184" status="PASS">
          <reporter-output>
          </reporter-output>
        </test-method> <!-- tearDown -->
      </class> <!-- tests.TestApod -->
    </test> <!-- Default test -->
  </suite> <!-- Default suite -->
</testng-results>
